[     227ms] [ERROR] Failed to load resource: the server responded with a status of 404 (Not Found) @ http://localhost:3005/fonts/Gilroy-Regular.woff2:0
[     227ms] [ERROR] Failed to load resource: the server responded with a status of 404 (Not Found) @ http://localhost:3005/fonts/Gilroy-Bold.woff2:0
[     246ms] [ERROR] Failed to load resource: the server responded with a status of 404 (Not Found) @ http://localhost:3005/fonts/Gilroy-SemiBold.woff2:0
[     246ms] [ERROR] Failed to load resource: the server responded with a status of 404 (Not Found) @ http://localhost:3005/fonts/Gilroy-ExtraBold.woff2:0
[     308ms] Error: Hydration failed because the server rendered text didn't match the client. As a result this tree will be regenerated on the client. This can happen if a SSR-ed Client Component used:

- A server/client branch `if (typeof window !== 'undefined')`.
- Variable input such as `Date.now()` or `Math.random()` which changes each time it's called.
- Date formatting in a user's locale which doesn't match the server.
- External changing data without sending a snapshot of it along with the HTML.
- Invalid HTML tag nesting.

It can also happen if the client has a browser extension installed which messes with the HTML before React loaded.

https://react.dev/link/hydration-mismatch

  ...
    <RedirectBoundary>
      <RedirectErrorBoundary router={{...}}>
        <InnerLayoutRouter url="/products/..." tree={[...]} params={{}} cacheNode={{rsc:{...}, ...}} segmentPath={[...]} ...>
          <SegmentViewNode type="page" pagePath="products/k...">
            <SegmentTrieNode>
            <ClientPageRoot Component={function KittyKurlzPage} serverProvidedParams={{...}}>
              <KittyKurlzPage params={Promise} searchParams={Promise}>
                <Header>
                <main className="pb-24">
                  <section className="mx-auto ma...">
                    <div className="grid grid-...">
                      <ImageGallery>
                      <div className="flex flex-...">
                        <ProductInfo>
                          <div className="flex flex-...">
                            <h1>
                            <div className="flex items...">
                              <span className="text-2xl font-bold text-brand-dark">
+                               371,000 UZS
-                               371 000 UZS
                              ...
                            ...
                        ...
                  ...
                ...
          ...
        ...

    at throwOnHydrationMismatch (http://localhost:3005/_next/static/chunks/node_modules_next_dist_compiled_react-dom_058-ah~._.js:3318:56)
    at prepareToHydrateHostInstance (http://localhost:3005/_next/static/chunks/node_modules_next_dist_compiled_react-dom_058-ah~._.js:3372:23)
    at completeWork (http://localhost:3005/_next/static/chunks/node_modules_next_dist_compiled_react-dom_058-ah~._.js:6922:60)
    at runWithFiberInDEV (http://localhost:3005/_next/static/chunks/node_modules_next_dist_compiled_react-dom_058-ah~._.js:965:74)
    at completeUnitOfWork (http://localhost:3005/_next/static/chunks/node_modules_next_dist_compiled_react-dom_058-ah~._.js:9622:23)
    at performUnitOfWork (http://localhost:3005/_next/static/chunks/node_modules_next_dist_compiled_react-dom_058-ah~._.js:9557:28)
    at workLoopConcurrentByScheduler (http://localhost:3005/_next/static/chunks/node_modules_next_dist_compiled_react-dom_058-ah~._.js:9551:58)
    at renderRootConcurrent (http://localhost:3005/_next/static/chunks/node_modules_next_dist_compiled_react-dom_058-ah~._.js:9534:71)
    at performWorkOnRoot (http://localhost:3005/_next/static/chunks/node_modules_next_dist_compiled_react-dom_058-ah~._.js:9061:150)
    at performWorkOnRootViaSchedulerTask (http://localhost:3005/_next/static/chunks/node_modules_next_dist_compiled_react-dom_058-ah~._.js:10255:9)
    at MessagePort.performWorkUntilDeadline (http://localhost:3005/_next/static/chunks/node_modules_next_dist_compiled_0rpq4pf._.js:2647:64)
[     299ms] [ERROR] Failed to load resource: the server responded with a status of 404 (Not Found) @ http://localhost:3005/fonts/Gilroy-Medium.woff2:0
[     310ms] [WARNING] Image with src "/images/product-1.jpg" has "fill" but is missing "sizes" prop. Please add it to improve page performance. Read more: https://nextjs.org/docs/api-reference/next/image#sizes @ http://localhost:3005/_next/static/chunks/node_modules_next_dist_115brz8._.js:2431
[     311ms] [WARNING] Image with src "/images/product-2.jpg" has "fill" but is missing "sizes" prop. Please add it to improve page performance. Read more: https://nextjs.org/docs/api-reference/next/image#sizes @ http://localhost:3005/_next/static/chunks/node_modules_next_dist_115brz8._.js:2431
[     312ms] [WARNING] Image with src "/images/product-3.jpg" has "fill" but is missing "sizes" prop. Please add it to improve page performance. Read more: https://nextjs.org/docs/api-reference/next/image#sizes @ http://localhost:3005/_next/static/chunks/node_modules_next_dist_115brz8._.js:2431
[     494ms] [WARNING] Image with src "/images/product-4.jpg" has "fill" but is missing "sizes" prop. Please add it to improve page performance. Read more: https://nextjs.org/docs/api-reference/next/image#sizes @ http://localhost:3005/_next/static/chunks/node_modules_next_dist_115brz8._.js:2431
[     498ms] [WARNING] Image with src "/images/product-5.jpg" has "fill" but is missing "sizes" prop. Please add it to improve page performance. Read more: https://nextjs.org/docs/api-reference/next/image#sizes @ http://localhost:3005/_next/static/chunks/node_modules_next_dist_115brz8._.js:2431
[     501ms] [WARNING] Image with src "/images/product-6.jpg" has "fill" but is missing "sizes" prop. Please add it to improve page performance. Read more: https://nextjs.org/docs/api-reference/next/image#sizes @ http://localhost:3005/_next/static/chunks/node_modules_next_dist_115brz8._.js:2431
[     504ms] [WARNING] Image with src "/images/bundle-1.png" has "fill" but is missing "sizes" prop. Please add it to improve page performance. Read more: https://nextjs.org/docs/api-reference/next/image#sizes @ http://localhost:3005/_next/static/chunks/node_modules_next_dist_115brz8._.js:2431
[     504ms] [WARNING] Image with src "/images/bundle-2.png" has "fill" but is missing "sizes" prop. Please add it to improve page performance. Read more: https://nextjs.org/docs/api-reference/next/image#sizes @ http://localhost:3005/_next/static/chunks/node_modules_next_dist_115brz8._.js:2431
[     508ms] [WARNING] Image with src "/images/cat-26.jpg" has "fill" but is missing "sizes" prop. Please add it to improve page performance. Read more: https://nextjs.org/docs/api-reference/next/image#sizes @ http://localhost:3005/_next/static/chunks/node_modules_next_dist_115brz8._.js:2431
[     510ms] [WARNING] Image with src "/images/cat-81.jpg" has "fill" but is missing "sizes" prop. Please add it to improve page performance. Read more: https://nextjs.org/docs/api-reference/next/image#sizes @ http://localhost:3005/_next/static/chunks/node_modules_next_dist_115brz8._.js:2431
[     513ms] [WARNING] Image with src "/images/cat-11.jpg" has "fill" but is missing "sizes" prop. Please add it to improve page performance. Read more: https://nextjs.org/docs/api-reference/next/image#sizes @ http://localhost:3005/_next/static/chunks/node_modules_next_dist_115brz8._.js:2431
[     515ms] [WARNING] Image with src "/images/cat-56.jpg" has "fill" but is missing "sizes" prop. Please add it to improve page performance. Read more: https://nextjs.org/docs/api-reference/next/image#sizes @ http://localhost:3005/_next/static/chunks/node_modules_next_dist_115brz8._.js:2431
[     517ms] [WARNING] Image with src "/images/cat-59.jpg" has "fill" but is missing "sizes" prop. Please add it to improve page performance. Read more: https://nextjs.org/docs/api-reference/next/image#sizes @ http://localhost:3005/_next/static/chunks/node_modules_next_dist_115brz8._.js:2431
[     519ms] [WARNING] Image with src "/images/cat-35.jpg" has "fill" but is missing "sizes" prop. Please add it to improve page performance. Read more: https://nextjs.org/docs/api-reference/next/image#sizes @ http://localhost:3005/_next/static/chunks/node_modules_next_dist_115brz8._.js:2431
[     522ms] [WARNING] Image with src "/images/cat-42.jpg" has "fill" but is missing "sizes" prop. Please add it to improve page performance. Read more: https://nextjs.org/docs/api-reference/next/image#sizes @ http://localhost:3005/_next/static/chunks/node_modules_next_dist_115brz8._.js:2431
[     524ms] [WARNING] Image with src "/images/cat-15.jpg" has "fill" but is missing "sizes" prop. Please add it to improve page performance. Read more: https://nextjs.org/docs/api-reference/next/image#sizes @ http://localhost:3005/_next/static/chunks/node_modules_next_dist_115brz8._.js:2431
[   15717ms] [ERROR] Failed to load resource: the server responded with a status of 404 (Not Found) @ http://localhost:3005/fonts/Gilroy-Regular.woff2:0
[   15718ms] [ERROR] Failed to load resource: the server responded with a status of 404 (Not Found) @ http://localhost:3005/fonts/Gilroy-SemiBold.woff2:0
[   15718ms] [ERROR] Failed to load resource: the server responded with a status of 404 (Not Found) @ http://localhost:3005/fonts/Gilroy-Bold.woff2:0
[   15723ms] [ERROR] Failed to load resource: the server responded with a status of 404 (Not Found) @ http://localhost:3005/fonts/Gilroy-ExtraBold.woff2:0
[   15723ms] [ERROR] Failed to load resource: the server responded with a status of 404 (Not Found) @ http://localhost:3005/fonts/Gilroy-Medium.woff2:0
[ 4413635ms] [WARNING] Image with src "/images/product-1.jpg" was detected as the Largest Contentful Paint (LCP). Please add the `loading="eager"` property if this image is above the fold.
Read more: https://nextjs.org/docs/app/api-reference/components/image#loading @ http://localhost:3005/_next/static/chunks/node_modules_next_dist_115brz8._.js:2431
[ 4413690ms] Error: Hydration failed because the server rendered text didn't match the client. As a result this tree will be regenerated on the client. This can happen if a SSR-ed Client Component used:

- A server/client branch `if (typeof window !== 'undefined')`.
- Variable input such as `Date.now()` or `Math.random()` which changes each time it's called.
- Date formatting in a user's locale which doesn't match the server.
- External changing data without sending a snapshot of it along with the HTML.
- Invalid HTML tag nesting.

It can also happen if the client has a browser extension installed which messes with the HTML before React loaded.

https://react.dev/link/hydration-mismatch

  ...
    <RedirectBoundary>
      <RedirectErrorBoundary router={{...}}>
        <InnerLayoutRouter url="/products/..." tree={[...]} params={{}} cacheNode={{rsc:{...}, ...}} segmentPath={[...]} ...>
          <SegmentViewNode type="page" pagePath="products/k...">
            <SegmentTrieNode>
            <ClientPageRoot Component={function KittyKurlzPage} serverProvidedParams={{...}}>
              <KittyKurlzPage params={Promise} searchParams={Promise}>
                <Header>
                <main className="pb-24">
                  <section className="mx-auto ma...">
                    <div className="grid grid-...">
                      <ImageGallery>
                      <div className="flex flex-...">
                        <ProductInfo>
                          <div className="flex flex-...">
                            <h1>
                            <div className="flex items...">
                              <span className="text-2xl font-bold text-brand-dark">
+                               371,000 UZS
-                               371 000 UZS
                              ...
                            ...
                        ...
                  ...
                ...
          ...
        ...

    at throwOnHydrationMismatch (http://localhost:3005/_next/static/chunks/node_modules_next_dist_compiled_react-dom_058-ah~._.js:3318:56)
    at prepareToHydrateHostInstance (http://localhost:3005/_next/static/chunks/node_modules_next_dist_compiled_react-dom_058-ah~._.js:3372:23)
    at completeWork (http://localhost:3005/_next/static/chunks/node_modules_next_dist_compiled_react-dom_058-ah~._.js:6922:60)
    at runWithFiberInDEV (http://localhost:3005/_next/static/chunks/node_modules_next_dist_compiled_react-dom_058-ah~._.js:965:74)
    at completeUnitOfWork (http://localhost:3005/_next/static/chunks/node_modules_next_dist_compiled_react-dom_058-ah~._.js:9622:23)
    at performUnitOfWork (http://localhost:3005/_next/static/chunks/node_modules_next_dist_compiled_react-dom_058-ah~._.js:9557:28)
    at workLoopConcurrentByScheduler (http://localhost:3005/_next/static/chunks/node_modules_next_dist_compiled_react-dom_058-ah~._.js:9551:58)
    at renderRootConcurrent (http://localhost:3005/_next/static/chunks/node_modules_next_dist_compiled_react-dom_058-ah~._.js:9534:71)
    at performWorkOnRoot (http://localhost:3005/_next/static/chunks/node_modules_next_dist_compiled_react-dom_058-ah~._.js:9061:150)
    at performWorkOnRootViaSchedulerTask (http://localhost:3005/_next/static/chunks/node_modules_next_dist_compiled_react-dom_058-ah~._.js:10255:9)
    at MessagePort.performWorkUntilDeadline (http://localhost:3005/_next/static/chunks/node_modules_next_dist_compiled_0rpq4pf._.js:2647:64)
[ 4413679ms] [ERROR] Failed to load resource: the server responded with a status of 404 (Not Found) @ http://localhost:3005/fonts/Gilroy-Regular.woff2:0
[ 4413679ms] [ERROR] Failed to load resource: the server responded with a status of 404 (Not Found) @ http://localhost:3005/fonts/Gilroy-Bold.woff2:0
[ 4413679ms] [ERROR] Failed to load resource: the server responded with a status of 404 (Not Found) @ http://localhost:3005/fonts/Gilroy-SemiBold.woff2:0
[ 4413679ms] [ERROR] Failed to load resource: the server responded with a status of 404 (Not Found) @ http://localhost:3005/fonts/Gilroy-ExtraBold.woff2:0
[ 4413679ms] [ERROR] Failed to load resource: the server responded with a status of 404 (Not Found) @ http://localhost:3005/fonts/Gilroy-Medium.woff2:0
[ 4413693ms] [WARNING] Image with src "/images/product-1.jpg" has "fill" but is missing "sizes" prop. Please add it to improve page performance. Read more: https://nextjs.org/docs/api-reference/next/image#sizes @ http://localhost:3005/_next/static/chunks/node_modules_next_dist_115brz8._.js:2431
[ 4413693ms] [WARNING] Image with src "/images/product-2.jpg" has "fill" but is missing "sizes" prop. Please add it to improve page performance. Read more: https://nextjs.org/docs/api-reference/next/image#sizes @ http://localhost:3005/_next/static/chunks/node_modules_next_dist_115brz8._.js:2431
[ 4413700ms] [WARNING] Image with src "/images/product-3.jpg" has "fill" but is missing "sizes" prop. Please add it to improve page performance. Read more: https://nextjs.org/docs/api-reference/next/image#sizes @ http://localhost:3005/_next/static/chunks/node_modules_next_dist_115brz8._.js:2431
[ 4413701ms] [WARNING] Image with src "/images/product-4.jpg" has "fill" but is missing "sizes" prop. Please add it to improve page performance. Read more: https://nextjs.org/docs/api-reference/next/image#sizes @ http://localhost:3005/_next/static/chunks/node_modules_next_dist_115brz8._.js:2431
[ 4413701ms] [WARNING] Image with src "/images/product-5.jpg" has "fill" but is missing "sizes" prop. Please add it to improve page performance. Read more: https://nextjs.org/docs/api-reference/next/image#sizes @ http://localhost:3005/_next/static/chunks/node_modules_next_dist_115brz8._.js:2431
[ 4413701ms] [WARNING] Image with src "/images/product-6.jpg" has "fill" but is missing "sizes" prop. Please add it to improve page performance. Read more: https://nextjs.org/docs/api-reference/next/image#sizes @ http://localhost:3005/_next/static/chunks/node_modules_next_dist_115brz8._.js:2431
[ 4413701ms] [WARNING] Image with src "/images/bundle-1.png" has "fill" but is missing "sizes" prop. Please add it to improve page performance. Read more: https://nextjs.org/docs/api-reference/next/image#sizes @ http://localhost:3005/_next/static/chunks/node_modules_next_dist_115brz8._.js:2431
[ 4413701ms] [WARNING] Image with src "/images/bundle-2.png" has "fill" but is missing "sizes" prop. Please add it to improve page performance. Read more: https://nextjs.org/docs/api-reference/next/image#sizes @ http://localhost:3005/_next/static/chunks/node_modules_next_dist_115brz8._.js:2431
[ 4413701ms] [WARNING] Image with src "/images/cat-26.jpg" has "fill" but is missing "sizes" prop. Please add it to improve page performance. Read more: https://nextjs.org/docs/api-reference/next/image#sizes @ http://localhost:3005/_next/static/chunks/node_modules_next_dist_115brz8._.js:2431
[ 4413701ms] [WARNING] Image with src "/images/cat-81.jpg" has "fill" but is missing "sizes" prop. Please add it to improve page performance. Read more: https://nextjs.org/docs/api-reference/next/image#sizes @ http://localhost:3005/_next/static/chunks/node_modules_next_dist_115brz8._.js:2431
[ 4413701ms] [WARNING] Image with src "/images/cat-11.jpg" has "fill" but is missing "sizes" prop. Please add it to improve page performance. Read more: https://nextjs.org/docs/api-reference/next/image#sizes @ http://localhost:3005/_next/static/chunks/node_modules_next_dist_115brz8._.js:2431
[ 4413701ms] [WARNING] Image with src "/images/cat-56.jpg" has "fill" but is missing "sizes" prop. Please add it to improve page performance. Read more: https://nextjs.org/docs/api-reference/next/image#sizes @ http://localhost:3005/_next/static/chunks/node_modules_next_dist_115brz8._.js:2431
[ 4413701ms] [WARNING] Image with src "/images/cat-59.jpg" has "fill" but is missing "sizes" prop. Please add it to improve page performance. Read more: https://nextjs.org/docs/api-reference/next/image#sizes @ http://localhost:3005/_next/static/chunks/node_modules_next_dist_115brz8._.js:2431
[ 4413701ms] [WARNING] Image with src "/images/cat-35.jpg" has "fill" but is missing "sizes" prop. Please add it to improve page performance. Read more: https://nextjs.org/docs/api-reference/next/image#sizes @ http://localhost:3005/_next/static/chunks/node_modules_next_dist_115brz8._.js:2431
[ 4413702ms] [WARNING] Image with src "/images/cat-42.jpg" has "fill" but is missing "sizes" prop. Please add it to improve page performance. Read more: https://nextjs.org/docs/api-reference/next/image#sizes @ http://localhost:3005/_next/static/chunks/node_modules_next_dist_115brz8._.js:2431
[ 4413702ms] [WARNING] Image with src "/images/cat-15.jpg" has "fill" but is missing "sizes" prop. Please add it to improve page performance. Read more: https://nextjs.org/docs/api-reference/next/image#sizes @ http://localhost:3005/_next/static/chunks/node_modules_next_dist_115brz8._.js:2431
[ 4465078ms] [WARNING] Image with src "/images/cat-90.jpg" has "fill" but is missing "sizes" prop. Please add it to improve page performance. Read more: https://nextjs.org/docs/api-reference/next/image#sizes @ http://localhost:3005/_next/static/chunks/node_modules_next_dist_115brz8._.js:2431
[ 4465080ms] [WARNING] Image with src "/images/cat-80.jpg" has "fill" but is missing "sizes" prop. Please add it to improve page performance. Read more: https://nextjs.org/docs/api-reference/next/image#sizes @ http://localhost:3005/_next/static/chunks/node_modules_next_dist_115brz8._.js:2431
[ 4465110ms] [ERROR] Failed to load resource: the server responded with a status of 404 (Not Found) @ http://localhost:3005/fonts/Gilroy-Regular.woff2:0
[ 4465112ms] [ERROR] Failed to load resource: the server responded with a status of 404 (Not Found) @ http://localhost:3005/fonts/Gilroy-Bold.woff2:0
[ 4465113ms] [ERROR] Failed to load resource: the server responded with a status of 404 (Not Found) @ http://localhost:3005/fonts/Gilroy-SemiBold.woff2:0
[ 4465115ms] [ERROR] Failed to load resource: the server responded with a status of 404 (Not Found) @ http://localhost:3005/fonts/Gilroy-ExtraBold.woff2:0
[ 4465124ms] [ERROR] Failed to load resource: the server responded with a status of 404 (Not Found) @ http://localhost:3005/fonts/Gilroy-Medium.woff2:0
[ 4465162ms] [WARNING] Image with src "/images/cat-33.jpg" has "fill" but is missing "sizes" prop. Please add it to improve page performance. Read more: https://nextjs.org/docs/api-reference/next/image#sizes @ http://localhost:3005/_next/static/chunks/node_modules_next_dist_115brz8._.js:2431
[ 4472537ms] [ERROR] Failed to load resource: the server responded with a status of 404 (Not Found) @ http://localhost:3005/fonts/Gilroy-Regular.woff2:0
[ 4472538ms] [ERROR] Failed to load resource: the server responded with a status of 404 (Not Found) @ http://localhost:3005/fonts/Gilroy-Bold.woff2:0
[ 4472538ms] [ERROR] Failed to load resource: the server responded with a status of 404 (Not Found) @ http://localhost:3005/fonts/Gilroy-SemiBold.woff2:0
[ 4472539ms] [ERROR] Failed to load resource: the server responded with a status of 404 (Not Found) @ http://localhost:3005/fonts/Gilroy-ExtraBold.woff2:0
[ 4472540ms] [ERROR] Failed to load resource: the server responded with a status of 404 (Not Found) @ http://localhost:3005/fonts/Gilroy-Medium.woff2:0
[ 4472601ms] Error: Hydration failed because the server rendered text didn't match the client. As a result this tree will be regenerated on the client. This can happen if a SSR-ed Client Component used:

- A server/client branch `if (typeof window !== 'undefined')`.
- Variable input such as `Date.now()` or `Math.random()` which changes each time it's called.
- Date formatting in a user's locale which doesn't match the server.
- External changing data without sending a snapshot of it along with the HTML.
- Invalid HTML tag nesting.

It can also happen if the client has a browser extension installed which messes with the HTML before React loaded.

https://react.dev/link/hydration-mismatch

  ...
    <RedirectBoundary>
      <RedirectErrorBoundary router={{...}}>
        <InnerLayoutRouter url="/products/..." tree={[...]} params={{}} cacheNode={{rsc:{...}, ...}} segmentPath={[...]} ...>
          <SegmentViewNode type="page" pagePath="products/k...">
            <SegmentTrieNode>
            <ClientPageRoot Component={function KittyKurlzPage} serverProvidedParams={{...}}>
              <KittyKurlzPage params={Promise} searchParams={Promise}>
                <Header>
                <main className="pb-24">
                  <section className="mx-auto ma...">
                    <div className="grid grid-...">
                      <ImageGallery>
                      <div className="flex flex-...">
                        <ProductInfo>
                          <div className="flex flex-...">
                            <h1>
                            <div className="flex items...">
                              <span className="text-2xl font-bold text-brand-dark">
+                               371,000 UZS
-                               371 000 UZS
                              ...
                            ...
                        ...
                  ...
                ...
          ...
        ...

    at throwOnHydrationMismatch (http://localhost:3005/_next/static/chunks/node_modules_next_dist_compiled_react-dom_058-ah~._.js:3318:56)
    at prepareToHydrateHostInstance (http://localhost:3005/_next/static/chunks/node_modules_next_dist_compiled_react-dom_058-ah~._.js:3372:23)
    at completeWork (http://localhost:3005/_next/static/chunks/node_modules_next_dist_compiled_react-dom_058-ah~._.js:6922:60)
    at runWithFiberInDEV (http://localhost:3005/_next/static/chunks/node_modules_next_dist_compiled_react-dom_058-ah~._.js:965:74)
    at completeUnitOfWork (http://localhost:3005/_next/static/chunks/node_modules_next_dist_compiled_react-dom_058-ah~._.js:9622:23)
    at performUnitOfWork (http://localhost:3005/_next/static/chunks/node_modules_next_dist_compiled_react-dom_058-ah~._.js:9557:28)
    at workLoopConcurrentByScheduler (http://localhost:3005/_next/static/chunks/node_modules_next_dist_compiled_react-dom_058-ah~._.js:9551:58)
    at renderRootConcurrent (http://localhost:3005/_next/static/chunks/node_modules_next_dist_compiled_react-dom_058-ah~._.js:9534:71)
    at performWorkOnRoot (http://localhost:3005/_next/static/chunks/node_modules_next_dist_compiled_react-dom_058-ah~._.js:9061:150)
    at performWorkOnRootViaSchedulerTask (http://localhost:3005/_next/static/chunks/node_modules_next_dist_compiled_react-dom_058-ah~._.js:10255:9)
    at MessagePort.performWorkUntilDeadline (http://localhost:3005/_next/static/chunks/node_modules_next_dist_compiled_0rpq4pf._.js:2647:64)
[ 4472596ms] [WARNING] Image with src "/images/product-1.jpg" has "fill" but is missing "sizes" prop. Please add it to improve page performance. Read more: https://nextjs.org/docs/api-reference/next/image#sizes @ http://localhost:3005/_next/static/chunks/node_modules_next_dist_115brz8._.js:2431
[ 4472600ms] [WARNING] Image with src "/images/product-2.jpg" has "fill" but is missing "sizes" prop. Please add it to improve page performance. Read more: https://nextjs.org/docs/api-reference/next/image#sizes @ http://localhost:3005/_next/static/chunks/node_modules_next_dist_115brz8._.js:2431
[ 4472604ms] [WARNING] Image with src "/images/product-3.jpg" has "fill" but is missing "sizes" prop. Please add it to improve page performance. Read more: https://nextjs.org/docs/api-reference/next/image#sizes @ http://localhost:3005/_next/static/chunks/node_modules_next_dist_115brz8._.js:2431
[ 4472607ms] [WARNING] Image with src "/images/product-4.jpg" has "fill" but is missing "sizes" prop. Please add it to improve page performance. Read more: https://nextjs.org/docs/api-reference/next/image#sizes @ http://localhost:3005/_next/static/chunks/node_modules_next_dist_115brz8._.js:2431
[ 4472607ms] [WARNING] Image with src "/images/product-5.jpg" has "fill" but is missing "sizes" prop. Please add it to improve page performance. Read more: https://nextjs.org/docs/api-reference/next/image#sizes @ http://localhost:3005/_next/static/chunks/node_modules_next_dist_115brz8._.js:2431
[ 4472607ms] [WARNING] Image with src "/images/product-6.jpg" has "fill" but is missing "sizes" prop. Please add it to improve page performance. Read more: https://nextjs.org/docs/api-reference/next/image#sizes @ http://localhost:3005/_next/static/chunks/node_modules_next_dist_115brz8._.js:2431
[ 4472607ms] [WARNING] Image with src "/images/bundle-1.png" has "fill" but is missing "sizes" prop. Please add it to improve page performance. Read more: https://nextjs.org/docs/api-reference/next/image#sizes @ http://localhost:3005/_next/static/chunks/node_modules_next_dist_115brz8._.js:2431
[ 4472607ms] [WARNING] Image with src "/images/bundle-2.png" has "fill" but is missing "sizes" prop. Please add it to improve page performance. Read more: https://nextjs.org/docs/api-reference/next/image#sizes @ http://localhost:3005/_next/static/chunks/node_modules_next_dist_115brz8._.js:2431
[ 4472607ms] [WARNING] Image with src "/images/cat-26.jpg" has "fill" but is missing "sizes" prop. Please add it to improve page performance. Read more: https://nextjs.org/docs/api-reference/next/image#sizes @ http://localhost:3005/_next/static/chunks/node_modules_next_dist_115brz8._.js:2431
[ 4472607ms] [WARNING] Image with src "/images/cat-81.jpg" has "fill" but is missing "sizes" prop. Please add it to improve page performance. Read more: https://nextjs.org/docs/api-reference/next/image#sizes @ http://localhost:3005/_next/static/chunks/node_modules_next_dist_115brz8._.js:2431
[ 4472607ms] [WARNING] Image with src "/images/cat-11.jpg" has "fill" but is missing "sizes" prop. Please add it to improve page performance. Read more: https://nextjs.org/docs/api-reference/next/image#sizes @ http://localhost:3005/_next/static/chunks/node_modules_next_dist_115brz8._.js:2431
[ 4472607ms] [WARNING] Image with src "/images/cat-56.jpg" has "fill" but is missing "sizes" prop. Please add it to improve page performance. Read more: https://nextjs.org/docs/api-reference/next/image#sizes @ http://localhost:3005/_next/static/chunks/node_modules_next_dist_115brz8._.js:2431
[ 4472607ms] [WARNING] Image with src "/images/cat-59.jpg" has "fill" but is missing "sizes" prop. Please add it to improve page performance. Read more: https://nextjs.org/docs/api-reference/next/image#sizes @ http://localhost:3005/_next/static/chunks/node_modules_next_dist_115brz8._.js:2431
[ 4472608ms] [WARNING] Image with src "/images/cat-35.jpg" has "fill" but is missing "sizes" prop. Please add it to improve page performance. Read more: https://nextjs.org/docs/api-reference/next/image#sizes @ http://localhost:3005/_next/static/chunks/node_modules_next_dist_115brz8._.js:2431
[ 4472608ms] [WARNING] Image with src "/images/cat-42.jpg" has "fill" but is missing "sizes" prop. Please add it to improve page performance. Read more: https://nextjs.org/docs/api-reference/next/image#sizes @ http://localhost:3005/_next/static/chunks/node_modules_next_dist_115brz8._.js:2431
[ 4472608ms] [WARNING] Image with src "/images/cat-15.jpg" has "fill" but is missing "sizes" prop. Please add it to improve page performance. Read more: https://nextjs.org/docs/api-reference/next/image#sizes @ http://localhost:3005/_next/static/chunks/node_modules_next_dist_115brz8._.js:2431
[ 4472611ms] [WARNING] Image with src "/images/cat-90.jpg" has "fill" but is missing "sizes" prop. Please add it to improve page performance. Read more: https://nextjs.org/docs/api-reference/next/image#sizes @ http://localhost:3005/_next/static/chunks/node_modules_next_dist_115brz8._.js:2431
[ 4472613ms] [WARNING] Image with src "/images/cat-80.jpg" has "fill" but is missing "sizes" prop. Please add it to improve page performance. Read more: https://nextjs.org/docs/api-reference/next/image#sizes @ http://localhost:3005/_next/static/chunks/node_modules_next_dist_115brz8._.js:2431
[ 4472615ms] [WARNING] Image with src "/images/cat-33.jpg" has "fill" but is missing "sizes" prop. Please add it to improve page performance. Read more: https://nextjs.org/docs/api-reference/next/image#sizes @ http://localhost:3005/_next/static/chunks/node_modules_next_dist_115brz8._.js:2431
[ 4475389ms] [WARNING] Image with src "/images/video-thumb.jpg" has "fill" but is missing "sizes" prop. Please add it to improve page performance. Read more: https://nextjs.org/docs/api-reference/next/image#sizes @ http://localhost:3005/_next/static/chunks/node_modules_next_dist_115brz8._.js:2431
[ 4674040ms] [ERROR] Failed to load resource: the server responded with a status of 404 (Not Found) @ http://localhost:3005/fonts/Gilroy-Regular.woff2:0
[ 4674044ms] [ERROR] Failed to load resource: the server responded with a status of 404 (Not Found) @ http://localhost:3005/fonts/Gilroy-Bold.woff2:0
[ 4674045ms] [ERROR] Failed to load resource: the server responded with a status of 404 (Not Found) @ http://localhost:3005/fonts/Gilroy-SemiBold.woff2:0
[ 4674045ms] [ERROR] Failed to load resource: the server responded with a status of 404 (Not Found) @ http://localhost:3005/fonts/Gilroy-ExtraBold.woff2:0
[ 4674045ms] [ERROR] Failed to load resource: the server responded with a status of 404 (Not Found) @ http://localhost:3005/fonts/Gilroy-Medium.woff2:0
[ 4687850ms] [WARNING] Image with src "/images/product-1.jpg" has "fill" but is missing "sizes" prop. Please add it to improve page performance. Read more: https://nextjs.org/docs/api-reference/next/image#sizes @ http://localhost:3005/_next/static/chunks/node_modules_next_dist_115brz8._.js:2431
[ 4687854ms] [WARNING] Image with src "/images/product-2.jpg" has "fill" but is missing "sizes" prop. Please add it to improve page performance. Read more: https://nextjs.org/docs/api-reference/next/image#sizes @ http://localhost:3005/_next/static/chunks/node_modules_next_dist_115brz8._.js:2431
[ 4687858ms] [WARNING] Image with src "/images/product-3.jpg" has "fill" but is missing "sizes" prop. Please add it to improve page performance. Read more: https://nextjs.org/docs/api-reference/next/image#sizes @ http://localhost:3005/_next/static/chunks/node_modules_next_dist_115brz8._.js:2431
[ 4687866ms] [ERROR] Failed to load resource: the server responded with a status of 404 (Not Found) @ http://localhost:3005/fonts/Gilroy-Regular.woff2:0
[ 4687867ms] [ERROR] Failed to load resource: the server responded with a status of 404 (Not Found) @ http://localhost:3005/fonts/Gilroy-Bold.woff2:0
[ 4687871ms] [WARNING] Image with src "/images/product-6.jpg" has "fill" but is missing "sizes" prop. Please add it to improve page performance. Read more: https://nextjs.org/docs/api-reference/next/image#sizes @ http://localhost:3005/_next/static/chunks/node_modules_next_dist_115brz8._.js:2431
[ 4687871ms] [ERROR] Failed to load resource: the server responded with a status of 404 (Not Found) @ http://localhost:3005/fonts/Gilroy-SemiBold.woff2:0
[ 4687871ms] [ERROR] Failed to load resource: the server responded with a status of 404 (Not Found) @ http://localhost:3005/fonts/Gilroy-Medium.woff2:0
[ 4687871ms] [ERROR] Failed to load resource: the server responded with a status of 404 (Not Found) @ http://localhost:3005/fonts/Gilroy-ExtraBold.woff2:0
[ 4687872ms] [WARNING] Image with src "/images/bundle-1.png" has "fill" but is missing "sizes" prop. Please add it to improve page performance. Read more: https://nextjs.org/docs/api-reference/next/image#sizes @ http://localhost:3005/_next/static/chunks/node_modules_next_dist_115brz8._.js:2431
[ 4687874ms] [WARNING] Image with src "/images/bundle-2.png" has "fill" but is missing "sizes" prop. Please add it to improve page performance. Read more: https://nextjs.org/docs/api-reference/next/image#sizes @ http://localhost:3005/_next/static/chunks/node_modules_next_dist_115brz8._.js:2431
[ 4687878ms] [WARNING] Image with src "/images/product-5.jpg" has "fill" but is missing "sizes" prop. Please add it to improve page performance. Read more: https://nextjs.org/docs/api-reference/next/image#sizes @ http://localhost:3005/_next/static/chunks/node_modules_next_dist_115brz8._.js:2431
[ 4687883ms] [WARNING] Image with src "/images/product-4.jpg" has "fill" but is missing "sizes" prop. Please add it to improve page performance. Read more: https://nextjs.org/docs/api-reference/next/image#sizes @ http://localhost:3005/_next/static/chunks/node_modules_next_dist_115brz8._.js:2431
[ 4687886ms] [WARNING] Image with src "/images/cat-11.jpg" has "fill" but is missing "sizes" prop. Please add it to improve page performance. Read more: https://nextjs.org/docs/api-reference/next/image#sizes @ http://localhost:3005/_next/static/chunks/node_modules_next_dist_115brz8._.js:2431
[ 4687889ms] [WARNING] Image with src "/images/cat-42.jpg" has "fill" but is missing "sizes" prop. Please add it to improve page performance. Read more: https://nextjs.org/docs/api-reference/next/image#sizes @ http://localhost:3005/_next/static/chunks/node_modules_next_dist_115brz8._.js:2431
[ 4687891ms] [WARNING] Image with src "/images/cat-81.jpg" has "fill" but is missing "sizes" prop. Please add it to improve page performance. Read more: https://nextjs.org/docs/api-reference/next/image#sizes @ http://localhost:3005/_next/static/chunks/node_modules_next_dist_115brz8._.js:2431
[ 4687893ms] [WARNING] Image with src "/images/cat-56.jpg" has "fill" but is missing "sizes" prop. Please add it to improve page performance. Read more: https://nextjs.org/docs/api-reference/next/image#sizes @ http://localhost:3005/_next/static/chunks/node_modules_next_dist_115brz8._.js:2431
[ 4687893ms] [WARNING] Image with src "/images/cat-33.jpg" has "fill" but is missing "sizes" prop. Please add it to improve page performance. Read more: https://nextjs.org/docs/api-reference/next/image#sizes @ http://localhost:3005/_next/static/chunks/node_modules_next_dist_115brz8._.js:2431
[ 4687893ms] [WARNING] Image with src "/images/cat-26.jpg" has "fill" but is missing "sizes" prop. Please add it to improve page performance. Read more: https://nextjs.org/docs/api-reference/next/image#sizes @ http://localhost:3005/_next/static/chunks/node_modules_next_dist_115brz8._.js:2431
[ 4687895ms] [WARNING] Image with src "/images/cat-59.jpg" has "fill" but is missing "sizes" prop. Please add it to improve page performance. Read more: https://nextjs.org/docs/api-reference/next/image#sizes @ http://localhost:3005/_next/static/chunks/node_modules_next_dist_115brz8._.js:2431
[ 4687898ms] [WARNING] Image with src "/images/cat-35.jpg" has "fill" but is missing "sizes" prop. Please add it to improve page performance. Read more: https://nextjs.org/docs/api-reference/next/image#sizes @ http://localhost:3005/_next/static/chunks/node_modules_next_dist_115brz8._.js:2431
[ 4687898ms] [WARNING] Image with src "/images/cat-80.jpg" has "fill" but is missing "sizes" prop. Please add it to improve page performance. Read more: https://nextjs.org/docs/api-reference/next/image#sizes @ http://localhost:3005/_next/static/chunks/node_modules_next_dist_115brz8._.js:2431
[ 4687900ms] [WARNING] Image with src "/images/cat-15.jpg" has "fill" but is missing "sizes" prop. Please add it to improve page performance. Read more: https://nextjs.org/docs/api-reference/next/image#sizes @ http://localhost:3005/_next/static/chunks/node_modules_next_dist_115brz8._.js:2431
[ 4687900ms] [WARNING] Image with src "/images/cat-90.jpg" has "fill" but is missing "sizes" prop. Please add it to improve page performance. Read more: https://nextjs.org/docs/api-reference/next/image#sizes @ http://localhost:3005/_next/static/chunks/node_modules_next_dist_115brz8._.js:2431
[ 4687900ms] [WARNING] Image with src "/images/video-thumb.jpg" has "fill" but is missing "sizes" prop. Please add it to improve page performance. Read more: https://nextjs.org/docs/api-reference/next/image#sizes @ http://localhost:3005/_next/static/chunks/node_modules_next_dist_115brz8._.js:2431
[ 4688005ms] [WARNING] Image with src "/images/cat-90.jpg" was detected as the Largest Contentful Paint (LCP). Please add the `loading="eager"` property if this image is above the fold.
Read more: https://nextjs.org/docs/app/api-reference/components/image#loading @ http://localhost:3005/_next/static/chunks/node_modules_next_dist_115brz8._.js:2431
