[     213ms] [ERROR] Failed to load resource: the server responded with a status of 404 (Not Found) @ http://localhost:3005/fonts/Gilroy-Regular.woff2:0
[     213ms] [ERROR] Failed to load resource: the server responded with a status of 404 (Not Found) @ http://localhost:3005/fonts/Gilroy-SemiBold.woff2:0
[     213ms] [ERROR] Failed to load resource: the server responded with a status of 404 (Not Found) @ http://localhost:3005/fonts/Gilroy-Bold.woff2:0
[     213ms] [ERROR] Failed to load resource: the server responded with a status of 404 (Not Found) @ http://localhost:3005/fonts/Gilroy-ExtraBold.woff2:0
[     213ms] [ERROR] Failed to load resource: the server responded with a status of 404 (Not Found) @ http://localhost:3005/fonts/Gilroy-Medium.woff2:0
[     286ms] [WARNING] Image with src "/images/product-1.jpg" has "fill" but is missing "sizes" prop. Please add it to improve page performance. Read more: https://nextjs.org/docs/api-reference/next/image#sizes @ http://localhost:3005/_next/static/chunks/node_modules_next_dist_115brz8._.js:2431
[     286ms] [WARNING] Image with src "/images/product-2.jpg" has "fill" but is missing "sizes" prop. Please add it to improve page performance. Read more: https://nextjs.org/docs/api-reference/next/image#sizes @ http://localhost:3005/_next/static/chunks/node_modules_next_dist_115brz8._.js:2431
[     286ms] [WARNING] Image with src "/images/product-3.jpg" has "fill" but is missing "sizes" prop. Please add it to improve page performance. Read more: https://nextjs.org/docs/api-reference/next/image#sizes @ http://localhost:3005/_next/static/chunks/node_modules_next_dist_115brz8._.js:2431
[     290ms] [WARNING] Image with src "/images/product-4.jpg" has "fill" but is missing "sizes" prop. Please add it to improve page performance. Read more: https://nextjs.org/docs/api-reference/next/image#sizes @ http://localhost:3005/_next/static/chunks/node_modules_next_dist_115brz8._.js:2431
[     294ms] [WARNING] Image with src "/images/product-5.jpg" has "fill" but is missing "sizes" prop. Please add it to improve page performance. Read more: https://nextjs.org/docs/api-reference/next/image#sizes @ http://localhost:3005/_next/static/chunks/node_modules_next_dist_115brz8._.js:2431
[     297ms] [WARNING] Image with src "/images/product-6.jpg" has "fill" but is missing "sizes" prop. Please add it to improve page performance. Read more: https://nextjs.org/docs/api-reference/next/image#sizes @ http://localhost:3005/_next/static/chunks/node_modules_next_dist_115brz8._.js:2431
[     297ms] [WARNING] Image with src "/images/bundle-1.png" has "fill" but is missing "sizes" prop. Please add it to improve page performance. Read more: https://nextjs.org/docs/api-reference/next/image#sizes @ http://localhost:3005/_next/static/chunks/node_modules_next_dist_115brz8._.js:2431
[     297ms] [WARNING] Image with src "/images/bundle-2.png" has "fill" but is missing "sizes" prop. Please add it to improve page performance. Read more: https://nextjs.org/docs/api-reference/next/image#sizes @ http://localhost:3005/_next/static/chunks/node_modules_next_dist_115brz8._.js:2431
[     301ms] [WARNING] Image with src "/images/cat-26.jpg" has "fill" but is missing "sizes" prop. Please add it to improve page performance. Read more: https://nextjs.org/docs/api-reference/next/image#sizes @ http://localhost:3005/_next/static/chunks/node_modules_next_dist_115brz8._.js:2431
[     303ms] [WARNING] Image with src "/images/cat-81.jpg" has "fill" but is missing "sizes" prop. Please add it to improve page performance. Read more: https://nextjs.org/docs/api-reference/next/image#sizes @ http://localhost:3005/_next/static/chunks/node_modules_next_dist_115brz8._.js:2431
[     306ms] [WARNING] Image with src "/images/cat-11.jpg" has "fill" but is missing "sizes" prop. Please add it to improve page performance. Read more: https://nextjs.org/docs/api-reference/next/image#sizes @ http://localhost:3005/_next/static/chunks/node_modules_next_dist_115brz8._.js:2431
[     309ms] [WARNING] Image with src "/images/cat-56.jpg" has "fill" but is missing "sizes" prop. Please add it to improve page performance. Read more: https://nextjs.org/docs/api-reference/next/image#sizes @ http://localhost:3005/_next/static/chunks/node_modules_next_dist_115brz8._.js:2431
[     310ms] [WARNING] Image with src "/images/cat-59.jpg" has "fill" but is missing "sizes" prop. Please add it to improve page performance. Read more: https://nextjs.org/docs/api-reference/next/image#sizes @ http://localhost:3005/_next/static/chunks/node_modules_next_dist_115brz8._.js:2431
[     313ms] [WARNING] Image with src "/images/cat-35.jpg" has "fill" but is missing "sizes" prop. Please add it to improve page performance. Read more: https://nextjs.org/docs/api-reference/next/image#sizes @ http://localhost:3005/_next/static/chunks/node_modules_next_dist_115brz8._.js:2431
[     316ms] [WARNING] Image with src "/images/cat-42.jpg" has "fill" but is missing "sizes" prop. Please add it to improve page performance. Read more: https://nextjs.org/docs/api-reference/next/image#sizes @ http://localhost:3005/_next/static/chunks/node_modules_next_dist_115brz8._.js:2431
[     318ms] [WARNING] Image with src "/images/cat-15.jpg" has "fill" but is missing "sizes" prop. Please add it to improve page performance. Read more: https://nextjs.org/docs/api-reference/next/image#sizes @ http://localhost:3005/_next/static/chunks/node_modules_next_dist_115brz8._.js:2431
[    9783ms] [WARNING] Image with src "/images/cat-80.jpg" has "fill" but is missing "sizes" prop. Please add it to improve page performance. Read more: https://nextjs.org/docs/api-reference/next/image#sizes @ http://localhost:3005/_next/static/chunks/node_modules_next_dist_115brz8._.js:2431
[    9785ms] [WARNING] Image with src "/images/cat-90.jpg" has "fill" but is missing "sizes" prop. Please add it to improve page performance. Read more: https://nextjs.org/docs/api-reference/next/image#sizes @ http://localhost:3005/_next/static/chunks/node_modules_next_dist_115brz8._.js:2431
[    9787ms] [WARNING] Image with src "/images/cat-33.jpg" has "fill" but is missing "sizes" prop. Please add it to improve page performance. Read more: https://nextjs.org/docs/api-reference/next/image#sizes @ http://localhost:3005/_next/static/chunks/node_modules_next_dist_115brz8._.js:2431
[   10002ms] [ERROR] Failed to load resource: the server responded with a status of 404 (Not Found) @ http://localhost:3005/fonts/Gilroy-Regular.woff2:0
[   10002ms] [ERROR] Failed to load resource: the server responded with a status of 404 (Not Found) @ http://localhost:3005/fonts/Gilroy-SemiBold.woff2:0
[   10002ms] [ERROR] Failed to load resource: the server responded with a status of 404 (Not Found) @ http://localhost:3005/fonts/Gilroy-ExtraBold.woff2:0
[   10002ms] [ERROR] Failed to load resource: the server responded with a status of 404 (Not Found) @ http://localhost:3005/fonts/Gilroy-Bold.woff2:0
[   10002ms] [ERROR] Failed to load resource: the server responded with a status of 404 (Not Found) @ http://localhost:3005/fonts/Gilroy-Medium.woff2:0
[   10029ms] [WARNING] Image with src "/images/product-1.jpg" has "fill" but is missing "sizes" prop. Please add it to improve page performance. Read more: https://nextjs.org/docs/api-reference/next/image#sizes @ http://localhost:3005/_next/static/chunks/node_modules_next_dist_115brz8._.js:2431
[   10033ms] [WARNING] Image with src "/images/product-2.jpg" has "fill" but is missing "sizes" prop. Please add it to improve page performance. Read more: https://nextjs.org/docs/api-reference/next/image#sizes @ http://localhost:3005/_next/static/chunks/node_modules_next_dist_115brz8._.js:2431
[   10037ms] [WARNING] Image with src "/images/product-3.jpg" has "fill" but is missing "sizes" prop. Please add it to improve page performance. Read more: https://nextjs.org/docs/api-reference/next/image#sizes @ http://localhost:3005/_next/static/chunks/node_modules_next_dist_115brz8._.js:2431
[   10043ms] [WARNING] Image with src "/images/product-4.jpg" has "fill" but is missing "sizes" prop. Please add it to improve page performance. Read more: https://nextjs.org/docs/api-reference/next/image#sizes @ http://localhost:3005/_next/static/chunks/node_modules_next_dist_115brz8._.js:2431
[   10047ms] [WARNING] Image with src "/images/product-5.jpg" has "fill" but is missing "sizes" prop. Please add it to improve page performance. Read more: https://nextjs.org/docs/api-reference/next/image#sizes @ http://localhost:3005/_next/static/chunks/node_modules_next_dist_115brz8._.js:2431
[   10050ms] [WARNING] Image with src "/images/product-6.jpg" has "fill" but is missing "sizes" prop. Please add it to improve page performance. Read more: https://nextjs.org/docs/api-reference/next/image#sizes @ http://localhost:3005/_next/static/chunks/node_modules_next_dist_115brz8._.js:2431
[   10050ms] [WARNING] Image with src "/images/bundle-1.png" has "fill" but is missing "sizes" prop. Please add it to improve page performance. Read more: https://nextjs.org/docs/api-reference/next/image#sizes @ http://localhost:3005/_next/static/chunks/node_modules_next_dist_115brz8._.js:2431
[   10050ms] [WARNING] Image with src "/images/bundle-2.png" has "fill" but is missing "sizes" prop. Please add it to improve page performance. Read more: https://nextjs.org/docs/api-reference/next/image#sizes @ http://localhost:3005/_next/static/chunks/node_modules_next_dist_115brz8._.js:2431
[   10050ms] [WARNING] Image with src "/images/cat-26.jpg" has "fill" but is missing "sizes" prop. Please add it to improve page performance. Read more: https://nextjs.org/docs/api-reference/next/image#sizes @ http://localhost:3005/_next/static/chunks/node_modules_next_dist_115brz8._.js:2431
[   10051ms] [WARNING] Image with src "/images/cat-81.jpg" has "fill" but is missing "sizes" prop. Please add it to improve page performance. Read more: https://nextjs.org/docs/api-reference/next/image#sizes @ http://localhost:3005/_next/static/chunks/node_modules_next_dist_115brz8._.js:2431
[   10051ms] [WARNING] Image with src "/images/cat-11.jpg" has "fill" but is missing "sizes" prop. Please add it to improve page performance. Read more: https://nextjs.org/docs/api-reference/next/image#sizes @ http://localhost:3005/_next/static/chunks/node_modules_next_dist_115brz8._.js:2431
[   10051ms] [WARNING] Image with src "/images/cat-56.jpg" has "fill" but is missing "sizes" prop. Please add it to improve page performance. Read more: https://nextjs.org/docs/api-reference/next/image#sizes @ http://localhost:3005/_next/static/chunks/node_modules_next_dist_115brz8._.js:2431
[   10051ms] [WARNING] Image with src "/images/cat-59.jpg" has "fill" but is missing "sizes" prop. Please add it to improve page performance. Read more: https://nextjs.org/docs/api-reference/next/image#sizes @ http://localhost:3005/_next/static/chunks/node_modules_next_dist_115brz8._.js:2431
[   10053ms] [WARNING] Image with src "/images/cat-35.jpg" has "fill" but is missing "sizes" prop. Please add it to improve page performance. Read more: https://nextjs.org/docs/api-reference/next/image#sizes @ http://localhost:3005/_next/static/chunks/node_modules_next_dist_115brz8._.js:2431
[   10053ms] [WARNING] Image with src "/images/cat-42.jpg" has "fill" but is missing "sizes" prop. Please add it to improve page performance. Read more: https://nextjs.org/docs/api-reference/next/image#sizes @ http://localhost:3005/_next/static/chunks/node_modules_next_dist_115brz8._.js:2431
[   10053ms] [WARNING] Image with src "/images/cat-15.jpg" has "fill" but is missing "sizes" prop. Please add it to improve page performance. Read more: https://nextjs.org/docs/api-reference/next/image#sizes @ http://localhost:3005/_next/static/chunks/node_modules_next_dist_115brz8._.js:2431
[   10056ms] [WARNING] Image with src "/images/cat-90.jpg" has "fill" but is missing "sizes" prop. Please add it to improve page performance. Read more: https://nextjs.org/docs/api-reference/next/image#sizes @ http://localhost:3005/_next/static/chunks/node_modules_next_dist_115brz8._.js:2431
[   10059ms] [WARNING] Image with src "/images/cat-80.jpg" has "fill" but is missing "sizes" prop. Please add it to improve page performance. Read more: https://nextjs.org/docs/api-reference/next/image#sizes @ http://localhost:3005/_next/static/chunks/node_modules_next_dist_115brz8._.js:2431
[   10061ms] [WARNING] Image with src "/images/cat-33.jpg" has "fill" but is missing "sizes" prop. Please add it to improve page performance. Read more: https://nextjs.org/docs/api-reference/next/image#sizes @ http://localhost:3005/_next/static/chunks/node_modules_next_dist_115brz8._.js:2431
[  168804ms] [WARNING] Image with src "http://localhost:3005/images/marleneslogo.svg" has either width or height modified, but not the other. If you use CSS to change the size of your image, also include the styles 'width: "auto"' or 'height: "auto"' to maintain the aspect ratio. @ http://localhost:3005/_next/static/chunks/node_modules_next_dist_115brz8._.js:2431
[  168808ms] [WARNING] Image with src "http://localhost:3005/images/flag-uz.svg" has either width or height modified, but not the other. If you use CSS to change the size of your image, also include the styles 'width: "auto"' or 'height: "auto"' to maintain the aspect ratio. @ http://localhost:3005/_next/static/chunks/node_modules_next_dist_115brz8._.js:2431
[  168808ms] [WARNING] Image with src "http://localhost:3005/images/flag-us.svg" has either width or height modified, but not the other. If you use CSS to change the size of your image, also include the styles 'width: "auto"' or 'height: "auto"' to maintain the aspect ratio. @ http://localhost:3005/_next/static/chunks/node_modules_next_dist_115brz8._.js:2431
[  168970ms] [ERROR] Failed to load resource: the server responded with a status of 404 (Not Found) @ http://localhost:3005/fonts/Gilroy-SemiBold.woff2:0
[  168975ms] [ERROR] Failed to load resource: the server responded with a status of 404 (Not Found) @ http://localhost:3005/fonts/Gilroy-Bold.woff2:0
[  168975ms] [ERROR] Failed to load resource: the server responded with a status of 404 (Not Found) @ http://localhost:3005/fonts/Gilroy-ExtraBold.woff2:0
[  168975ms] [ERROR] Failed to load resource: the server responded with a status of 404 (Not Found) @ http://localhost:3005/fonts/Gilroy-Regular.woff2:0
[  168975ms] [ERROR] Failed to load resource: the server responded with a status of 404 (Not Found) @ http://localhost:3005/fonts/Gilroy-Medium.woff2:0
[  417877ms] [ERROR] WebSocket connection to 'ws://localhost:3005/_next/webpack-hmr?id=aMAn58tqtxnXG-Hlg9qL3' failed: Error in connection establishment: net::ERR_CONNECTION_REFUSED @ http://localhost:3005/_next/static/chunks/node_modules_next_dist_client_0fhqo1d._.js:13299
[  418879ms] [ERROR] WebSocket connection to 'ws://localhost:3005/_next/webpack-hmr?id=aMAn58tqtxnXG-Hlg9qL3' failed: Error in connection establishment: net::ERR_CONNECTION_REFUSED @ http://localhost:3005/_next/static/chunks/node_modules_next_dist_client_0fhqo1d._.js:13299
[  419881ms] [ERROR] WebSocket connection to 'ws://localhost:3005/_next/webpack-hmr?id=aMAn58tqtxnXG-Hlg9qL3' failed: Error in connection establishment: net::ERR_CONNECTION_REFUSED @ http://localhost:3005/_next/static/chunks/node_modules_next_dist_client_0fhqo1d._.js:13299
[  420884ms] [ERROR] WebSocket connection to 'ws://localhost:3005/_next/webpack-hmr?id=aMAn58tqtxnXG-Hlg9qL3' failed: Error in connection establishment: net::ERR_CONNECTION_REFUSED @ http://localhost:3005/_next/static/chunks/node_modules_next_dist_client_0fhqo1d._.js:13299
[  421888ms] [ERROR] WebSocket connection to 'ws://localhost:3005/_next/webpack-hmr?id=aMAn58tqtxnXG-Hlg9qL3' failed: Error in connection establishment: net::ERR_CONNECTION_REFUSED @ http://localhost:3005/_next/static/chunks/node_modules_next_dist_client_0fhqo1d._.js:13299
[  426896ms] [ERROR] WebSocket connection to 'ws://localhost:3005/_next/webpack-hmr?id=aMAn58tqtxnXG-Hlg9qL3' failed: Error in connection establishment: net::ERR_CONNECTION_REFUSED @ http://localhost:3005/_next/static/chunks/node_modules_next_dist_client_0fhqo1d._.js:13299
[  431903ms] [ERROR] WebSocket connection to 'ws://localhost:3005/_next/webpack-hmr?id=aMAn58tqtxnXG-Hlg9qL3' failed: Error in connection establishment: net::ERR_CONNECTION_REFUSED @ http://localhost:3005/_next/static/chunks/node_modules_next_dist_client_0fhqo1d._.js:13299
[  436913ms] [ERROR] WebSocket connection to 'ws://localhost:3005/_next/webpack-hmr?id=aMAn58tqtxnXG-Hlg9qL3' failed: Error in connection establishment: net::ERR_CONNECTION_REFUSED @ http://localhost:3005/_next/static/chunks/node_modules_next_dist_client_0fhqo1d._.js:13299
[  441927ms] [ERROR] WebSocket connection to 'ws://localhost:3005/_next/webpack-hmr?id=aMAn58tqtxnXG-Hlg9qL3' failed: Error in connection establishment: net::ERR_CONNECTION_REFUSED @ http://localhost:3005/_next/static/chunks/node_modules_next_dist_client_0fhqo1d._.js:13299
[  446959ms] [ERROR] WebSocket connection to 'ws://localhost:3005/_next/webpack-hmr?id=aMAn58tqtxnXG-Hlg9qL3' failed: Error in connection establishment: net::ERR_CONNECTION_REFUSED @ http://localhost:3005/_next/static/chunks/node_modules_next_dist_client_0fhqo1d._.js:13299
[  452016ms] [ERROR] WebSocket connection to 'ws://localhost:3005/_next/webpack-hmr?id=aMAn58tqtxnXG-Hlg9qL3' failed: Error in connection establishment: net::ERR_CONNECTION_REFUSED @ http://localhost:3005/_next/static/chunks/node_modules_next_dist_client_0fhqo1d._.js:13299
[  457199ms] [ERROR] WebSocket connection to 'ws://localhost:3005/_next/webpack-hmr?id=aMAn58tqtxnXG-Hlg9qL3' failed: Error in connection establishment: net::ERR_CONNECTION_REFUSED @ http://localhost:3005/_next/static/chunks/node_modules_next_dist_client_0fhqo1d._.js:13299
