[     186ms] [ERROR] Failed to load resource: the server responded with a status of 404 (Not Found) @ http://localhost:3005/fonts/Gilroy-Regular.woff2:0
[     191ms] [ERROR] Failed to load resource: the server responded with a status of 404 (Not Found) @ http://localhost:3005/fonts/Gilroy-SemiBold.woff2:0
[     192ms] [ERROR] Failed to load resource: the server responded with a status of 404 (Not Found) @ http://localhost:3005/fonts/Gilroy-ExtraBold.woff2:0
[     192ms] [ERROR] Failed to load resource: the server responded with a status of 404 (Not Found) @ http://localhost:3005/fonts/Gilroy-Bold.woff2:0
[     192ms] [ERROR] Failed to load resource: the server responded with a status of 404 (Not Found) @ http://localhost:3005/fonts/Gilroy-Medium.woff2:0
[     266ms] [WARNING] Image with src "/images/product-1.jpg" has "fill" but is missing "sizes" prop. Please add it to improve page performance. Read more: https://nextjs.org/docs/api-reference/next/image#sizes @ http://localhost:3005/_next/static/chunks/node_modules_next_dist_115brz8._.js:2431
[     266ms] [WARNING] Image with src "/images/product-2.jpg" has "fill" but is missing "sizes" prop. Please add it to improve page performance. Read more: https://nextjs.org/docs/api-reference/next/image#sizes @ http://localhost:3005/_next/static/chunks/node_modules_next_dist_115brz8._.js:2431
[     266ms] [WARNING] Image with src "/images/product-3.jpg" has "fill" but is missing "sizes" prop. Please add it to improve page performance. Read more: https://nextjs.org/docs/api-reference/next/image#sizes @ http://localhost:3005/_next/static/chunks/node_modules_next_dist_115brz8._.js:2431
[     271ms] [WARNING] Image with src "/images/product-4.jpg" has "fill" but is missing "sizes" prop. Please add it to improve page performance. Read more: https://nextjs.org/docs/api-reference/next/image#sizes @ http://localhost:3005/_next/static/chunks/node_modules_next_dist_115brz8._.js:2431
[     275ms] [WARNING] Image with src "/images/product-5.jpg" has "fill" but is missing "sizes" prop. Please add it to improve page performance. Read more: https://nextjs.org/docs/api-reference/next/image#sizes @ http://localhost:3005/_next/static/chunks/node_modules_next_dist_115brz8._.js:2431
[     278ms] [WARNING] Image with src "/images/product-6.jpg" has "fill" but is missing "sizes" prop. Please add it to improve page performance. Read more: https://nextjs.org/docs/api-reference/next/image#sizes @ http://localhost:3005/_next/static/chunks/node_modules_next_dist_115brz8._.js:2431
[     278ms] [WARNING] Image with src "/images/bundle-1.png" has "fill" but is missing "sizes" prop. Please add it to improve page performance. Read more: https://nextjs.org/docs/api-reference/next/image#sizes @ http://localhost:3005/_next/static/chunks/node_modules_next_dist_115brz8._.js:2431
[     279ms] [WARNING] Image with src "/images/bundle-2.png" has "fill" but is missing "sizes" prop. Please add it to improve page performance. Read more: https://nextjs.org/docs/api-reference/next/image#sizes @ http://localhost:3005/_next/static/chunks/node_modules_next_dist_115brz8._.js:2431
[     282ms] [WARNING] Image with src "/images/cat-26.jpg" has "fill" but is missing "sizes" prop. Please add it to improve page performance. Read more: https://nextjs.org/docs/api-reference/next/image#sizes @ http://localhost:3005/_next/static/chunks/node_modules_next_dist_115brz8._.js:2431
[     285ms] [WARNING] Image with src "/images/cat-81.jpg" has "fill" but is missing "sizes" prop. Please add it to improve page performance. Read more: https://nextjs.org/docs/api-reference/next/image#sizes @ http://localhost:3005/_next/static/chunks/node_modules_next_dist_115brz8._.js:2431
[     287ms] [WARNING] Image with src "/images/cat-11.jpg" has "fill" but is missing "sizes" prop. Please add it to improve page performance. Read more: https://nextjs.org/docs/api-reference/next/image#sizes @ http://localhost:3005/_next/static/chunks/node_modules_next_dist_115brz8._.js:2431
[     290ms] [WARNING] Image with src "/images/cat-56.jpg" has "fill" but is missing "sizes" prop. Please add it to improve page performance. Read more: https://nextjs.org/docs/api-reference/next/image#sizes @ http://localhost:3005/_next/static/chunks/node_modules_next_dist_115brz8._.js:2431
[     291ms] [WARNING] Image with src "/images/cat-59.jpg" has "fill" but is missing "sizes" prop. Please add it to improve page performance. Read more: https://nextjs.org/docs/api-reference/next/image#sizes @ http://localhost:3005/_next/static/chunks/node_modules_next_dist_115brz8._.js:2431
[     294ms] [WARNING] Image with src "/images/cat-35.jpg" has "fill" but is missing "sizes" prop. Please add it to improve page performance. Read more: https://nextjs.org/docs/api-reference/next/image#sizes @ http://localhost:3005/_next/static/chunks/node_modules_next_dist_115brz8._.js:2431
[     297ms] [WARNING] Image with src "/images/cat-42.jpg" has "fill" but is missing "sizes" prop. Please add it to improve page performance. Read more: https://nextjs.org/docs/api-reference/next/image#sizes @ http://localhost:3005/_next/static/chunks/node_modules_next_dist_115brz8._.js:2431
[     300ms] [WARNING] Image with src "/images/cat-15.jpg" has "fill" but is missing "sizes" prop. Please add it to improve page performance. Read more: https://nextjs.org/docs/api-reference/next/image#sizes @ http://localhost:3005/_next/static/chunks/node_modules_next_dist_115brz8._.js:2431
[    6656ms] [WARNING] Image with src "/images/product-1.jpg" has "fill" but is missing "sizes" prop. Please add it to improve page performance. Read more: https://nextjs.org/docs/api-reference/next/image#sizes @ http://localhost:3005/_next/static/chunks/node_modules_next_dist_115brz8._.js:2431
[    6659ms] [WARNING] Image with src "/images/product-2.jpg" has "fill" but is missing "sizes" prop. Please add it to improve page performance. Read more: https://nextjs.org/docs/api-reference/next/image#sizes @ http://localhost:3005/_next/static/chunks/node_modules_next_dist_115brz8._.js:2431
[    6664ms] [WARNING] Image with src "/images/product-3.jpg" has "fill" but is missing "sizes" prop. Please add it to improve page performance. Read more: https://nextjs.org/docs/api-reference/next/image#sizes @ http://localhost:3005/_next/static/chunks/node_modules_next_dist_115brz8._.js:2431
[    6670ms] [WARNING] Image with src "/images/product-4.jpg" has "fill" but is missing "sizes" prop. Please add it to improve page performance. Read more: https://nextjs.org/docs/api-reference/next/image#sizes @ http://localhost:3005/_next/static/chunks/node_modules_next_dist_115brz8._.js:2431
[    6674ms] [WARNING] Image with src "/images/product-5.jpg" has "fill" but is missing "sizes" prop. Please add it to improve page performance. Read more: https://nextjs.org/docs/api-reference/next/image#sizes @ http://localhost:3005/_next/static/chunks/node_modules_next_dist_115brz8._.js:2431
[    6677ms] [WARNING] Image with src "/images/product-6.jpg" has "fill" but is missing "sizes" prop. Please add it to improve page performance. Read more: https://nextjs.org/docs/api-reference/next/image#sizes @ http://localhost:3005/_next/static/chunks/node_modules_next_dist_115brz8._.js:2431
[    6677ms] [WARNING] Image with src "/images/bundle-1.png" has "fill" but is missing "sizes" prop. Please add it to improve page performance. Read more: https://nextjs.org/docs/api-reference/next/image#sizes @ http://localhost:3005/_next/static/chunks/node_modules_next_dist_115brz8._.js:2431
[    6689ms] [WARNING] Image with src "/images/bundle-2.png" has "fill" but is missing "sizes" prop. Please add it to improve page performance. Read more: https://nextjs.org/docs/api-reference/next/image#sizes @ http://localhost:3005/_next/static/chunks/node_modules_next_dist_115brz8._.js:2431
[    6703ms] [ERROR] Failed to load resource: the server responded with a status of 404 (Not Found) @ http://localhost:3005/fonts/Gilroy-Regular.woff2:0
[    6707ms] [ERROR] Failed to load resource: the server responded with a status of 404 (Not Found) @ http://localhost:3005/fonts/Gilroy-SemiBold.woff2:0
[    6707ms] [ERROR] Failed to load resource: the server responded with a status of 404 (Not Found) @ http://localhost:3005/fonts/Gilroy-Bold.woff2:0
[    6707ms] [ERROR] Failed to load resource: the server responded with a status of 404 (Not Found) @ http://localhost:3005/fonts/Gilroy-ExtraBold.woff2:0
[    6708ms] [ERROR] Failed to load resource: the server responded with a status of 404 (Not Found) @ http://localhost:3005/fonts/Gilroy-Medium.woff2:0
[    6712ms] [WARNING] Image with src "/images/cat-26.jpg" has "fill" but is missing "sizes" prop. Please add it to improve page performance. Read more: https://nextjs.org/docs/api-reference/next/image#sizes @ http://localhost:3005/_next/static/chunks/node_modules_next_dist_115brz8._.js:2431
[    6714ms] [WARNING] Image with src "/images/cat-81.jpg" has "fill" but is missing "sizes" prop. Please add it to improve page performance. Read more: https://nextjs.org/docs/api-reference/next/image#sizes @ http://localhost:3005/_next/static/chunks/node_modules_next_dist_115brz8._.js:2431
[    6718ms] [WARNING] Image with src "/images/cat-11.jpg" has "fill" but is missing "sizes" prop. Please add it to improve page performance. Read more: https://nextjs.org/docs/api-reference/next/image#sizes @ http://localhost:3005/_next/static/chunks/node_modules_next_dist_115brz8._.js:2431
[    6721ms] [WARNING] Image with src "/images/cat-56.jpg" has "fill" but is missing "sizes" prop. Please add it to improve page performance. Read more: https://nextjs.org/docs/api-reference/next/image#sizes @ http://localhost:3005/_next/static/chunks/node_modules_next_dist_115brz8._.js:2431
[    6722ms] [WARNING] Image with src "/images/cat-59.jpg" has "fill" but is missing "sizes" prop. Please add it to improve page performance. Read more: https://nextjs.org/docs/api-reference/next/image#sizes @ http://localhost:3005/_next/static/chunks/node_modules_next_dist_115brz8._.js:2431
[    6725ms] [WARNING] Image with src "/images/cat-42.jpg" has "fill" but is missing "sizes" prop. Please add it to improve page performance. Read more: https://nextjs.org/docs/api-reference/next/image#sizes @ http://localhost:3005/_next/static/chunks/node_modules_next_dist_115brz8._.js:2431
[    6728ms] [WARNING] Image with src "/images/cat-35.jpg" has "fill" but is missing "sizes" prop. Please add it to improve page performance. Read more: https://nextjs.org/docs/api-reference/next/image#sizes @ http://localhost:3005/_next/static/chunks/node_modules_next_dist_115brz8._.js:2431
[    6730ms] [WARNING] Image with src "/images/cat-15.jpg" has "fill" but is missing "sizes" prop. Please add it to improve page performance. Read more: https://nextjs.org/docs/api-reference/next/image#sizes @ http://localhost:3005/_next/static/chunks/node_modules_next_dist_115brz8._.js:2431
[   14607ms] [ERROR] Failed to load resource: the server responded with a status of 404 (Not Found) @ http://localhost:3005/fonts/Gilroy-Regular.woff2:0
[   14613ms] [ERROR] Failed to load resource: the server responded with a status of 404 (Not Found) @ http://localhost:3005/fonts/Gilroy-Bold.woff2:0
[   14613ms] [ERROR] Failed to load resource: the server responded with a status of 404 (Not Found) @ http://localhost:3005/fonts/Gilroy-ExtraBold.woff2:0
[   14618ms] [WARNING] Image with src "/images/product-1.jpg" has "fill" but is missing "sizes" prop. Please add it to improve page performance. Read more: https://nextjs.org/docs/api-reference/next/image#sizes @ http://localhost:3005/_next/static/chunks/node_modules_next_dist_115brz8._.js:2431
[   14623ms] [ERROR] Failed to load resource: the server responded with a status of 404 (Not Found) @ http://localhost:3005/fonts/Gilroy-SemiBold.woff2:0
[   14626ms] [WARNING] Image with src "/images/product-3.jpg" has "fill" but is missing "sizes" prop. Please add it to improve page performance. Read more: https://nextjs.org/docs/api-reference/next/image#sizes @ http://localhost:3005/_next/static/chunks/node_modules_next_dist_115brz8._.js:2431
[   14639ms] [WARNING] Image with src "/images/product-1.jpg" was detected as the Largest Contentful Paint (LCP). Please add the `loading="eager"` property if this image is above the fold.
Read more: https://nextjs.org/docs/app/api-reference/components/image#loading @ http://localhost:3005/_next/static/chunks/node_modules_next_dist_115brz8._.js:2431
[   14669ms] [ERROR] Failed to load resource: the server responded with a status of 404 (Not Found) @ http://localhost:3005/fonts/Gilroy-Medium.woff2:0
[   14672ms] [WARNING] Image with src "/images/bundle-2.png" has "fill" but is missing "sizes" prop. Please add it to improve page performance. Read more: https://nextjs.org/docs/api-reference/next/image#sizes @ http://localhost:3005/_next/static/chunks/node_modules_next_dist_115brz8._.js:2431
[   14675ms] [WARNING] Image with src "/images/product-2.jpg" has "fill" but is missing "sizes" prop. Please add it to improve page performance. Read more: https://nextjs.org/docs/api-reference/next/image#sizes @ http://localhost:3005/_next/static/chunks/node_modules_next_dist_115brz8._.js:2431
[   14678ms] [WARNING] Image with src "/images/product-5.jpg" has "fill" but is missing "sizes" prop. Please add it to improve page performance. Read more: https://nextjs.org/docs/api-reference/next/image#sizes @ http://localhost:3005/_next/static/chunks/node_modules_next_dist_115brz8._.js:2431
[   14689ms] [WARNING] Image with src "/images/product-4.jpg" has "fill" but is missing "sizes" prop. Please add it to improve page performance. Read more: https://nextjs.org/docs/api-reference/next/image#sizes @ http://localhost:3005/_next/static/chunks/node_modules_next_dist_115brz8._.js:2431
[   14709ms] [WARNING] Image with src "/images/bundle-1.png" has "fill" but is missing "sizes" prop. Please add it to improve page performance. Read more: https://nextjs.org/docs/api-reference/next/image#sizes @ http://localhost:3005/_next/static/chunks/node_modules_next_dist_115brz8._.js:2431
[   14712ms] [WARNING] Image with src "/images/cat-26.jpg" has "fill" but is missing "sizes" prop. Please add it to improve page performance. Read more: https://nextjs.org/docs/api-reference/next/image#sizes @ http://localhost:3005/_next/static/chunks/node_modules_next_dist_115brz8._.js:2431
[   14716ms] [WARNING] Image with src "/images/product-6.jpg" has "fill" but is missing "sizes" prop. Please add it to improve page performance. Read more: https://nextjs.org/docs/api-reference/next/image#sizes @ http://localhost:3005/_next/static/chunks/node_modules_next_dist_115brz8._.js:2431
[   14718ms] [WARNING] Image with src "/images/cat-11.jpg" has "fill" but is missing "sizes" prop. Please add it to improve page performance. Read more: https://nextjs.org/docs/api-reference/next/image#sizes @ http://localhost:3005/_next/static/chunks/node_modules_next_dist_115brz8._.js:2431
[   14738ms] [WARNING] Image with src "/images/cat-81.jpg" has "fill" but is missing "sizes" prop. Please add it to improve page performance. Read more: https://nextjs.org/docs/api-reference/next/image#sizes @ http://localhost:3005/_next/static/chunks/node_modules_next_dist_115brz8._.js:2431
[   14741ms] [WARNING] Image with src "/images/cat-56.jpg" has "fill" but is missing "sizes" prop. Please add it to improve page performance. Read more: https://nextjs.org/docs/api-reference/next/image#sizes @ http://localhost:3005/_next/static/chunks/node_modules_next_dist_115brz8._.js:2431
[   14742ms] [WARNING] Image with src "/images/cat-59.jpg" has "fill" but is missing "sizes" prop. Please add it to improve page performance. Read more: https://nextjs.org/docs/api-reference/next/image#sizes @ http://localhost:3005/_next/static/chunks/node_modules_next_dist_115brz8._.js:2431
[   14752ms] [WARNING] Image with src "/images/cat-42.jpg" has "fill" but is missing "sizes" prop. Please add it to improve page performance. Read more: https://nextjs.org/docs/api-reference/next/image#sizes @ http://localhost:3005/_next/static/chunks/node_modules_next_dist_115brz8._.js:2431
[   14756ms] [WARNING] Image with src "/images/cat-35.jpg" has "fill" but is missing "sizes" prop. Please add it to improve page performance. Read more: https://nextjs.org/docs/api-reference/next/image#sizes @ http://localhost:3005/_next/static/chunks/node_modules_next_dist_115brz8._.js:2431
[   14768ms] [WARNING] Image with src "/images/cat-15.jpg" has "fill" but is missing "sizes" prop. Please add it to improve page performance. Read more: https://nextjs.org/docs/api-reference/next/image#sizes @ http://localhost:3005/_next/static/chunks/node_modules_next_dist_115brz8._.js:2431
[   47344ms] [ERROR] Failed to load resource: the server responded with a status of 404 (Not Found) @ http://localhost:3005/fonts/Gilroy-Bold.woff2:0
[   47344ms] [ERROR] Failed to load resource: the server responded with a status of 404 (Not Found) @ http://localhost:3005/fonts/Gilroy-Regular.woff2:0
[   47346ms] [ERROR] Failed to load resource: the server responded with a status of 404 (Not Found) @ http://localhost:3005/fonts/Gilroy-SemiBold.woff2:0
[   47346ms] [ERROR] Failed to load resource: the server responded with a status of 404 (Not Found) @ http://localhost:3005/fonts/Gilroy-ExtraBold.woff2:0
[   47348ms] [ERROR] Failed to load resource: the server responded with a status of 404 (Not Found) @ http://localhost:3005/fonts/Gilroy-Medium.woff2:0
[   47391ms] [WARNING] Image with src "/images/product-1.jpg" has "fill" but is missing "sizes" prop. Please add it to improve page performance. Read more: https://nextjs.org/docs/api-reference/next/image#sizes @ http://localhost:3005/_next/static/chunks/node_modules_next_dist_115brz8._.js:2431
[   47393ms] [WARNING] Image with src "/images/product-2.jpg" has "fill" but is missing "sizes" prop. Please add it to improve page performance. Read more: https://nextjs.org/docs/api-reference/next/image#sizes @ http://localhost:3005/_next/static/chunks/node_modules_next_dist_115brz8._.js:2431
[   47396ms] [WARNING] Image with src "/images/product-3.jpg" has "fill" but is missing "sizes" prop. Please add it to improve page performance. Read more: https://nextjs.org/docs/api-reference/next/image#sizes @ http://localhost:3005/_next/static/chunks/node_modules_next_dist_115brz8._.js:2431
[   47400ms] [WARNING] Image with src "/images/product-4.jpg" has "fill" but is missing "sizes" prop. Please add it to improve page performance. Read more: https://nextjs.org/docs/api-reference/next/image#sizes @ http://localhost:3005/_next/static/chunks/node_modules_next_dist_115brz8._.js:2431
[   47403ms] [WARNING] Image with src "/images/product-5.jpg" has "fill" but is missing "sizes" prop. Please add it to improve page performance. Read more: https://nextjs.org/docs/api-reference/next/image#sizes @ http://localhost:3005/_next/static/chunks/node_modules_next_dist_115brz8._.js:2431
[   47405ms] [WARNING] Image with src "/images/product-6.jpg" has "fill" but is missing "sizes" prop. Please add it to improve page performance. Read more: https://nextjs.org/docs/api-reference/next/image#sizes @ http://localhost:3005/_next/static/chunks/node_modules_next_dist_115brz8._.js:2431
[   47405ms] [WARNING] Image with src "/images/bundle-1.png" has "fill" but is missing "sizes" prop. Please add it to improve page performance. Read more: https://nextjs.org/docs/api-reference/next/image#sizes @ http://localhost:3005/_next/static/chunks/node_modules_next_dist_115brz8._.js:2431
[   47405ms] [WARNING] Image with src "/images/bundle-2.png" has "fill" but is missing "sizes" prop. Please add it to improve page performance. Read more: https://nextjs.org/docs/api-reference/next/image#sizes @ http://localhost:3005/_next/static/chunks/node_modules_next_dist_115brz8._.js:2431
[   47408ms] [WARNING] Image with src "/images/cat-26.jpg" has "fill" but is missing "sizes" prop. Please add it to improve page performance. Read more: https://nextjs.org/docs/api-reference/next/image#sizes @ http://localhost:3005/_next/static/chunks/node_modules_next_dist_115brz8._.js:2431
[   47410ms] [WARNING] Image with src "/images/cat-81.jpg" has "fill" but is missing "sizes" prop. Please add it to improve page performance. Read more: https://nextjs.org/docs/api-reference/next/image#sizes @ http://localhost:3005/_next/static/chunks/node_modules_next_dist_115brz8._.js:2431
[   47411ms] [WARNING] Image with src "/images/cat-11.jpg" has "fill" but is missing "sizes" prop. Please add it to improve page performance. Read more: https://nextjs.org/docs/api-reference/next/image#sizes @ http://localhost:3005/_next/static/chunks/node_modules_next_dist_115brz8._.js:2431
[   47414ms] [WARNING] Image with src "/images/cat-56.jpg" has "fill" but is missing "sizes" prop. Please add it to improve page performance. Read more: https://nextjs.org/docs/api-reference/next/image#sizes @ http://localhost:3005/_next/static/chunks/node_modules_next_dist_115brz8._.js:2431
[   47415ms] [WARNING] Image with src "/images/cat-59.jpg" has "fill" but is missing "sizes" prop. Please add it to improve page performance. Read more: https://nextjs.org/docs/api-reference/next/image#sizes @ http://localhost:3005/_next/static/chunks/node_modules_next_dist_115brz8._.js:2431
[   47417ms] [WARNING] Image with src "/images/cat-35.jpg" has "fill" but is missing "sizes" prop. Please add it to improve page performance. Read more: https://nextjs.org/docs/api-reference/next/image#sizes @ http://localhost:3005/_next/static/chunks/node_modules_next_dist_115brz8._.js:2431
[   47419ms] [WARNING] Image with src "/images/cat-42.jpg" has "fill" but is missing "sizes" prop. Please add it to improve page performance. Read more: https://nextjs.org/docs/api-reference/next/image#sizes @ http://localhost:3005/_next/static/chunks/node_modules_next_dist_115brz8._.js:2431
[   47421ms] [WARNING] Image with src "/images/cat-15.jpg" has "fill" but is missing "sizes" prop. Please add it to improve page performance. Read more: https://nextjs.org/docs/api-reference/next/image#sizes @ http://localhost:3005/_next/static/chunks/node_modules_next_dist_115brz8._.js:2431
[  127553ms] [WARNING] Image with src "/images/product-1.jpg" has "fill" but is missing "sizes" prop. Please add it to improve page performance. Read more: https://nextjs.org/docs/api-reference/next/image#sizes @ http://localhost:3005/_next/static/chunks/node_modules_next_dist_115brz8._.js:2431
[  127556ms] [WARNING] Image with src "/images/product-2.jpg" has "fill" but is missing "sizes" prop. Please add it to improve page performance. Read more: https://nextjs.org/docs/api-reference/next/image#sizes @ http://localhost:3005/_next/static/chunks/node_modules_next_dist_115brz8._.js:2431
[  127559ms] [WARNING] Image with src "/images/product-3.jpg" has "fill" but is missing "sizes" prop. Please add it to improve page performance. Read more: https://nextjs.org/docs/api-reference/next/image#sizes @ http://localhost:3005/_next/static/chunks/node_modules_next_dist_115brz8._.js:2431
[  127564ms] [WARNING] Image with src "/images/product-4.jpg" has "fill" but is missing "sizes" prop. Please add it to improve page performance. Read more: https://nextjs.org/docs/api-reference/next/image#sizes @ http://localhost:3005/_next/static/chunks/node_modules_next_dist_115brz8._.js:2431
[  127567ms] [WARNING] Image with src "/images/product-5.jpg" has "fill" but is missing "sizes" prop. Please add it to improve page performance. Read more: https://nextjs.org/docs/api-reference/next/image#sizes @ http://localhost:3005/_next/static/chunks/node_modules_next_dist_115brz8._.js:2431
[  127577ms] [WARNING] Image with src "/images/bundle-2.png" has "fill" but is missing "sizes" prop. Please add it to improve page performance. Read more: https://nextjs.org/docs/api-reference/next/image#sizes @ http://localhost:3005/_next/static/chunks/node_modules_next_dist_115brz8._.js:2431
[  127602ms] [ERROR] Failed to load resource: the server responded with a status of 404 (Not Found) @ http://localhost:3005/fonts/Gilroy-Regular.woff2:0
[  127608ms] [WARNING] Image with src "/images/bundle-1.png" has "fill" but is missing "sizes" prop. Please add it to improve page performance. Read more: https://nextjs.org/docs/api-reference/next/image#sizes @ http://localhost:3005/_next/static/chunks/node_modules_next_dist_115brz8._.js:2431
[  127608ms] [ERROR] Failed to load resource: the server responded with a status of 404 (Not Found) @ http://localhost:3005/fonts/Gilroy-SemiBold.woff2:0
[  127608ms] [ERROR] Failed to load resource: the server responded with a status of 404 (Not Found) @ http://localhost:3005/fonts/Gilroy-Bold.woff2:0
[  127608ms] [ERROR] Failed to load resource: the server responded with a status of 404 (Not Found) @ http://localhost:3005/fonts/Gilroy-ExtraBold.woff2:0
[  127609ms] [ERROR] Failed to load resource: the server responded with a status of 404 (Not Found) @ http://localhost:3005/fonts/Gilroy-Medium.woff2:0
[  127612ms] [WARNING] Image with src "/images/cat-26.jpg" has "fill" but is missing "sizes" prop. Please add it to improve page performance. Read more: https://nextjs.org/docs/api-reference/next/image#sizes @ http://localhost:3005/_next/static/chunks/node_modules_next_dist_115brz8._.js:2431
[  127615ms] [WARNING] Image with src "/images/cat-81.jpg" has "fill" but is missing "sizes" prop. Please add it to improve page performance. Read more: https://nextjs.org/docs/api-reference/next/image#sizes @ http://localhost:3005/_next/static/chunks/node_modules_next_dist_115brz8._.js:2431
[  127617ms] [WARNING] Image with src "/images/product-6.jpg" has "fill" but is missing "sizes" prop. Please add it to improve page performance. Read more: https://nextjs.org/docs/api-reference/next/image#sizes @ http://localhost:3005/_next/static/chunks/node_modules_next_dist_115brz8._.js:2431
[  127618ms] [WARNING] Image with src "/images/cat-11.jpg" has "fill" but is missing "sizes" prop. Please add it to improve page performance. Read more: https://nextjs.org/docs/api-reference/next/image#sizes @ http://localhost:3005/_next/static/chunks/node_modules_next_dist_115brz8._.js:2431
[  127619ms] [WARNING] Image with src "/images/cat-59.jpg" has "fill" but is missing "sizes" prop. Please add it to improve page performance. Read more: https://nextjs.org/docs/api-reference/next/image#sizes @ http://localhost:3005/_next/static/chunks/node_modules_next_dist_115brz8._.js:2431
[  127622ms] [WARNING] Image with src "/images/cat-56.jpg" has "fill" but is missing "sizes" prop. Please add it to improve page performance. Read more: https://nextjs.org/docs/api-reference/next/image#sizes @ http://localhost:3005/_next/static/chunks/node_modules_next_dist_115brz8._.js:2431
[  127625ms] [WARNING] Image with src "/images/cat-35.jpg" has "fill" but is missing "sizes" prop. Please add it to improve page performance. Read more: https://nextjs.org/docs/api-reference/next/image#sizes @ http://localhost:3005/_next/static/chunks/node_modules_next_dist_115brz8._.js:2431
[  127626ms] [WARNING] Image with src "/images/cat-42.jpg" has "fill" but is missing "sizes" prop. Please add it to improve page performance. Read more: https://nextjs.org/docs/api-reference/next/image#sizes @ http://localhost:3005/_next/static/chunks/node_modules_next_dist_115brz8._.js:2431
[  127628ms] [WARNING] Image with src "/images/cat-15.jpg" has "fill" but is missing "sizes" prop. Please add it to improve page performance. Read more: https://nextjs.org/docs/api-reference/next/image#sizes @ http://localhost:3005/_next/static/chunks/node_modules_next_dist_115brz8._.js:2431
[  127806ms] [WARNING] Image with src "/images/cat-26.jpg" was detected as the Largest Contentful Paint (LCP). Please add the `loading="eager"` property if this image is above the fold.
Read more: https://nextjs.org/docs/app/api-reference/components/image#loading @ http://localhost:3005/_next/static/chunks/node_modules_next_dist_115brz8._.js:2431
